[run_all] start: Mon Nov 10 04:11:10 PM CET 2025
[run_all] PATH=/usr/local/sbin:/usr/local/bin:/usr/sbin:/usr/bin:/sbin:/bin:/usr/local/sbin:/usr/local/bin:/usr/sbin:/usr/bin:/sbin:/bin
[run_all] PYTHONPATH=
Waited 3 seconds for master.  giving up.
Note: Using POSIX realtime
Загружается конфигурация из /home/jetson/Desktop/scara_robot/tests/ethercatDouble.xml
Note: Using POSIX realtime
Настраиваются лимиты позиции, скорости и ускорения...
Готово.
Traceback (most recent call last):
  File "/usr/lib/python3.10/runpy.py", line 196, in _run_module_as_main
    return _run_code(code, main_globals, None,
  File "/usr/lib/python3.10/runpy.py", line 86, in _run_code
    exec(code, run_globals)
  File "/home/jetson/Desktop/scara_robot/tests/simple_rotation_test.py", line 4, in <module>
    from driver_controller.driver_controller import DriverController
  File "/home/jetson/Desktop/scara_robot/driver_controller/driver_controller.py", line 3, in <module>
    from hal_controller.hal_driver_struct import HalDriverStruct
  File "/home/jetson/Desktop/scara_robot/hal_controller/hal_driver_struct.py", line 1, in <module>
    import hal
ModuleNotFoundError: No module named 'hal'
